<?xml version="1.0" encoding="UTF-8"?>
<testng-results ignored="0" total="3" passed="3" failed="0" skipped="0">
  <reporter-output>
  </reporter-output>
  <suite started-at="2024-11-08T11:59:59 IST" name="Default suite" finished-at="2024-11-08T12:01:03 IST" duration-ms="64244">
    <groups>
      <group name="cucumber">
        <method signature="AbstractTestNGCucumberTests.runScenario(io.cucumber.testng.PickleWrapper,io.cucumber.testng.FeatureWrapper)[pri:0, instance:cucumber.testRunner.TestRunner@3e694b3f]" name="runScenario" class="io.cucumber.testng.AbstractTestNGCucumberTests"/>
      </group> <!-- cucumber -->
    </groups>
    <test started-at="2024-11-08T11:59:59 IST" name="Default test" finished-at="2024-11-08T12:01:03 IST" duration-ms="64244">
      <class name="cucumber.testRunner.TestRunner">
        <test-method is-config="true" signature="setUpClass(org.testng.ITestContext)[pri:0, instance:cucumber.testRunner.TestRunner@3e694b3f]" started-at="2024-11-08T11:59:59 IST" name="setUpClass" finished-at="2024-11-08T12:00:00 IST" duration-ms="1281" status="PASS">
          <params>
            <param index="0">
              <value>
                <![CDATA[org.testng.TestRunner@2932721e]]>
              </value>
            </param>
          </params>
          <reporter-output>
          </reporter-output>
        </test-method> <!-- setUpClass -->
        <test-method signature="runScenario(io.cucumber.testng.PickleWrapper,io.cucumber.testng.FeatureWrapper)[pri:0, instance:cucumber.testRunner.TestRunner@3e694b3f]" started-at="2024-11-08T12:00:00 IST" name="runScenario" description="Runs Cucumber Scenarios" data-provider="scenarios" finished-at="2024-11-08T12:00:21 IST" duration-ms="21323" status="PASS">
          <params>
            <param index="0">
              <value>
                <![CDATA["Validating car loan calculation"]]>
              </value>
            </param>
            <param index="1">
              <value>
                <![CDATA["Optional[Car Loan]"]]>
              </value>
            </param>
          </params>
          <reporter-output>
          </reporter-output>
        </test-method> <!-- runScenario -->
        <test-method signature="runScenario(io.cucumber.testng.PickleWrapper,io.cucumber.testng.FeatureWrapper)[pri:0, instance:cucumber.testRunner.TestRunner@3e694b3f]" started-at="2024-11-08T12:00:21 IST" name="runScenario" description="Runs Cucumber Scenarios" data-provider="scenarios" finished-at="2024-11-08T12:00:42 IST" duration-ms="20320" status="PASS">
          <params>
            <param index="0">
              <value>
                <![CDATA["Reading Home Loan Details"]]>
              </value>
            </param>
            <param index="1">
              <value>
                <![CDATA["Optional[Home Loan]"]]>
              </value>
            </param>
          </params>
          <reporter-output>
          </reporter-output>
        </test-method> <!-- runScenario -->
        <test-method signature="runScenario(io.cucumber.testng.PickleWrapper,io.cucumber.testng.FeatureWrapper)[pri:0, instance:cucumber.testRunner.TestRunner@3e694b3f]" started-at="2024-11-08T12:00:42 IST" name="runScenario" description="Runs Cucumber Scenarios" data-provider="scenarios" finished-at="2024-11-08T12:01:03 IST" duration-ms="20965" status="PASS">
          <params>
            <param index="0">
              <value>
                <![CDATA["Validating Calculator Page UserInterface"]]>
              </value>
            </param>
            <param index="1">
              <value>
                <![CDATA["Optional[Validating userInterface]"]]>
              </value>
            </param>
          </params>
          <reporter-output>
          </reporter-output>
        </test-method> <!-- runScenario -->
        <test-method is-config="true" signature="tearDownClass()[pri:0, instance:cucumber.testRunner.TestRunner@3e694b3f]" started-at="2024-11-08T12:01:03 IST" name="tearDownClass" finished-at="2024-11-08T12:01:03 IST" duration-ms="301" status="PASS">
          <reporter-output>
          </reporter-output>
        </test-method> <!-- tearDownClass -->
      </class> <!-- cucumber.testRunner.TestRunner -->
    </test> <!-- Default test -->
  </suite> <!-- Default suite -->
</testng-results>
